<?xml version="1.0" encoding="UTF-8"?>
<testng-results skipped="0" failed="0" ignored="0" total="1" passed="1">
  <reporter-output>
  </reporter-output>
  <suite name="Default suite" duration-ms="25897" started-at="2019-04-16T12:02:23Z" finished-at="2019-04-16T12:02:49Z">
    <groups>
    </groups>
    <test name="Default test" duration-ms="25897" started-at="2019-04-16T12:02:23Z" finished-at="2019-04-16T12:02:49Z">
      <class name="com.actime.testscripts.CreateCustomerTest">
        <test-method status="PASS" signature="configBC()[pri:0, instance:com.actime.testscripts.CreateCustomerTest@5e3a8624]" name="configBC" is-config="true" duration-ms="4534" started-at="2019-04-16T12:02:23Z" finished-at="2019-04-16T12:02:28Z">
          <reporter-output>
          </reporter-output>
        </test-method> <!-- configBC -->
        <test-method status="PASS" signature="configBM()[pri:0, instance:com.actime.testscripts.CreateCustomerTest@5e3a8624]" name="configBM" is-config="true" duration-ms="3941" started-at="2019-04-16T12:02:28Z" finished-at="2019-04-16T12:02:32Z">
          <reporter-output>
          </reporter-output>
        </test-method> <!-- configBM -->
        <test-method status="PASS" signature="newCustomer()[pri:0, instance:com.actime.testscripts.CreateCustomerTest@5e3a8624]" name="newCustomer" duration-ms="12531" started-at="2019-04-16T12:02:32Z" finished-at="2019-04-16T12:02:44Z">
          <reporter-output>
          </reporter-output>
        </test-method> <!-- newCustomer -->
        <test-method status="PASS" signature="configAM()[pri:0, instance:com.actime.testscripts.CreateCustomerTest@5e3a8624]" name="configAM" is-config="true" duration-ms="4657" started-at="2019-04-16T12:02:44Z" finished-at="2019-04-16T12:02:49Z">
          <reporter-output>
          </reporter-output>
        </test-method> <!-- configAM -->
        <test-method status="PASS" signature="configAC()[pri:0, instance:com.actime.testscripts.CreateCustomerTest@5e3a8624]" name="configAC" is-config="true" duration-ms="193" started-at="2019-04-16T12:02:49Z" finished-at="2019-04-16T12:02:49Z">
          <reporter-output>
          </reporter-output>
        </test-method> <!-- configAC -->
      </class> <!-- com.actime.testscripts.CreateCustomerTest -->
    </test> <!-- Default test -->
  </suite> <!-- Default suite -->
</testng-results>
